<?xml version="1.0" encoding="UTF-8"?>
<!-- Generated by org.testng.reporters.JUnitXMLReporter -->
<testsuite ignored="0" hostname="DESKTOP-36IJ477" failures="0" tests="10" name="APITest" time="23.327" errors="0" timestamp="2024-02-02T22:14:11 IST">
  <testcase classname="api.test.UserTests" name="testPostUser" time="5.399"/>
  <testcase classname="api.test.UserTests" name="testGetUserByName" time="1.25"/>
  <testcase classname="api.test.UserTests" name="testUpdateUserByName" time="2.358"/>
  <testcase classname="api.test.UserTests" name="testDeleteUserByName" time="1.189"/>
  <testcase classname="api.test.DDTests" name="testPostuser" time="1.141"/>
  <testcase classname="api.test.DDTests" name="testPostuser" time="1.16"/>
  <testcase classname="api.test.DDTests" name="testPostuser" time="1.169"/>
  <testcase classname="api.test.DDTests" name="testDeleteUserByName" time="1.14"/>
  <testcase classname="api.test.DDTests" name="testDeleteUserByName" time="1.201"/>
  <testcase classname="api.test.DDTests" name="testDeleteUserByName" time="1.167"/>
</testsuite> <!-- APITest -->
