<?xml version="1.0" encoding="UTF-8"?>
<!-- Generated by org.testng.reporters.JUnitXMLReporter -->
<testsuite ignored="0" hostname="DESKTOP-36IJ477" failures="0" tests="6" name="Default test" time="16.649" errors="0" timestamp="2024-02-02T18:07:38 IST">
  <testcase classname="api.test.DDTests" name="testPostuser" time="5.075"/>
  <testcase classname="api.test.DDTests" name="testPostuser" time="1.249"/>
  <testcase classname="api.test.DDTests" name="testPostuser" time="1.193"/>
  <testcase classname="api.test.DDTests" name="testDeleteUserByName" time="1.179"/>
  <testcase classname="api.test.DDTests" name="testDeleteUserByName" time="1.195"/>
  <testcase classname="api.test.DDTests" name="testDeleteUserByName" time="1.172"/>
</testsuite> <!-- Default test -->
